<?xml version="1.0" encoding="UTF-8"?>
<!-- Generated by org.testng.reporters.JUnitReportReporter -->
<testsuite hostname="SHOAS" failures="0" tests="1" name="ourFirstProject.Appium_Adriod.appium_demo" time="18.277" errors="0" timestamp="2023-10-01T19:54:11 CDT" skipped="0">
  <testcase classname="ourFirstProject.Appium_Adriod.appium_demo" name="happy" time="18.277"/>
  <system-out/>
</testsuite> <!-- ourFirstProject.Appium_Adriod.appium_demo -->
