<?xml version="1.0" encoding="UTF-8"?>
<!-- Generated by org.testng.reporters.JUnitReportReporter -->
<testsuite hostname="SHOAS" failures="0" tests="1" name="ourFirstProject.Appium_Adriod.ourSecondClass" time="20.853" errors="0" timestamp="2023-10-01T20:06:07 CDT" skipped="0">
  <testcase classname="ourFirstProject.Appium_Adriod.ourSecondClass" name="texttext" time="20.853"/>
  <system-out/>
</testsuite> <!-- ourFirstProject.Appium_Adriod.ourSecondClass -->
